<?xml version="1.0" encoding="UTF-8"?>
<!-- Generated by org.testng.reporters.JUnitReportReporter -->
<testsuite hostname="Sampath-Laptop" failures="0" tests="1" name="JavaStreamsLambdaExps" time="0.166" errors="0" timestamp="2024-08-16T17:15:37 IST" skipped="0">
  <testcase classname="JavaStreamsLambdaExps" name="streamCollect" time="0.166"/>
</testsuite> <!-- JavaStreamsLambdaExps -->
